2024-12-04 08:43:14,721 [*] Network has new height 873191 
2024-12-04 08:43:14,721 [*] Our local is 0
2024-12-04 08:43:14,721 [*] Our new local after update is 873191
2024-12-04 08:43:16,254 [*] Bitcoin Miner Started
2024-12-04 08:49:57,737 [*] Network has new height 873192 
2024-12-04 08:49:57,737 [*] Our local is 873191
2024-12-04 08:49:57,737 [*] Our new local after update is 873192
2024-12-04 08:49:58,105 [*] Restarting Miner
2024-12-04 08:50:00,105 [*] Bitcoin Miner Restarted
2024-12-04 08:53:59,306 [*] Network has new height 873193 
2024-12-04 08:53:59,306 [*] Our local is 873192
2024-12-04 08:53:59,306 [*] Our new local after update is 873193
2024-12-04 08:56:18,242 [*] Restarting Miner
2024-12-04 08:56:20,242 [*] Bitcoin Miner Restarted
2024-12-04 08:58:41,667 [*] Network has new height 873194 
2024-12-04 08:58:41,667 [*] Our local is 873193
2024-12-04 08:58:41,668 [*] Our new local after update is 873194
2024-12-04 08:58:41,669 [*] Restarting Miner
2024-12-04 08:58:43,669 [*] Bitcoin Miner Restarted
2024-12-04 09:00:02,378 [*] Network has new height 873195 
2024-12-04 09:00:02,378 [*] Our local is 873194
2024-12-04 09:00:02,378 [*] Our new local after update is 873195
2024-12-04 09:00:02,535 [*] Restarting Miner
2024-12-04 09:00:04,535 [*] Bitcoin Miner Restarted
2024-12-04 09:14:09,416 [*] Network has new height 873196 
2024-12-04 09:14:09,417 [*] Our local is 873195
2024-12-04 09:14:09,417 [*] Our new local after update is 873196
2024-12-04 09:14:10,554 [*] Restarting Miner
2024-12-04 09:14:12,554 [*] Bitcoin Miner Restarted
2024-12-04 09:28:16,413 [*] Network has new height 873197 
2024-12-04 09:28:16,413 [*] Our local is 873196
2024-12-04 09:28:16,413 [*] Our new local after update is 873197
2024-12-04 09:28:16,771 [*] Restarting Miner
2024-12-04 09:28:18,771 [*] Bitcoin Miner Restarted
2024-12-04 09:28:19,918 [*] Restarting Miner
2024-12-04 09:28:21,919 [*] Bitcoin Miner Restarted
2024-12-04 09:32:17,903 [*] Network has new height 873198 
2024-12-04 09:32:17,904 [*] Our local is 873197
2024-12-04 09:32:17,904 [*] Our new local after update is 873198
2024-12-04 09:32:17,904 [*] Restarting Miner
2024-12-04 09:32:19,904 [*] Bitcoin Miner Restarted
2024-12-04 09:32:20,878 [*] Restarting Miner
2024-12-04 09:32:22,878 [*] Bitcoin Miner Restarted
2024-12-04 09:32:23,801 [*] Restarting Miner
2024-12-04 09:32:25,801 [*] Bitcoin Miner Restarted
2024-12-04 10:13:15,575 [*] Network has new height 873199 
2024-12-04 10:13:15,576 [*] Our local is 873198
2024-12-04 10:13:15,576 [*] Our new local after update is 873199
2024-12-04 10:15:43,619 [*] Restarting Miner
2024-12-04 10:15:45,619 [*] Bitcoin Miner Restarted
2024-12-04 10:21:20,620 [*] Network has new height 873200 
2024-12-04 10:21:20,621 [*] Our local is 873199
2024-12-04 10:21:20,621 [*] Our new local after update is 873200
2024-12-04 10:28:57,606 [*] Restarting Miner
2024-12-04 10:28:59,606 [*] Bitcoin Miner Restarted
2024-12-04 10:42:10,042 [*] Network has new height 873201 
2024-12-04 10:42:10,043 [*] Our local is 873200
2024-12-04 10:42:10,043 [*] Our new local after update is 873201
2024-12-04 10:50:13,752 [*] Network has new height 873202 
2024-12-04 10:50:13,752 [*] Our local is 873201
2024-12-04 10:50:13,752 [*] Our new local after update is 873202
